Base path: /home/nathan/Unity-2018.2.0b5/Editor/Data
Cmd: initializeCompiler
Cmd: compileComputeKernel
  api=15 insize=2134 outsize=4109 ok=1
Cmd: compileComputeKernel
  api=18 insize=2134 outsize=1229 ok=1
Cmd: compileComputeKernel
  api=15 insize=2863 outsize=82901 ok=1
Cmd: compileComputeKernel
  api=18 insize=2863 outsize=200317 ok=1
Cmd: compileComputeKernel
  api=18 insize=7524 outsize=40153 ok=1
Cmd: compileComputeKernel
  api=15 insize=5188 outsize=7433 ok=1
Cmd: compileComputeKernel
  api=18 insize=5188 outsize=15841 ok=1
Cmd: compileComputeKernel
  api=15 insize=2444 outsize=4969 ok=1
Cmd: compileComputeKernel
  api=15 insize=9421 outsize=16225 ok=1
Cmd: compileComputeKernel
  api=18 insize=9421 outsize=34305 ok=1
Cmd: compileComputeKernel
  api=15 insize=5591 outsize=13241 ok=1
Cmd: compileComputeKernel
  api=15 insize=2953 outsize=897 ok=1
Cmd: compileComputeKernel
  api=18 insize=2953 outsize=1233 ok=1
Cmd: compileComputeKernel
  api=15 insize=1864 outsize=3833 ok=1
Cmd: compileComputeKernel
  api=18 insize=1505 outsize=7517 ok=1
Cmd: compileComputeKernel
  api=15 insize=1697 outsize=1829 ok=1
Cmd: initializeCompiler

Quitting shader compiler process
