Base path: /Applications/Unity/Unity.app/Contents
Cmd: initializeCompiler
Cmd: compileComputeKernel
  api=15 insize=2134 outsize=4081 ok=1
Cmd: compileComputeKernel
  api=18 insize=812 outsize=3293 ok=1
Cmd: compileComputeKernel
  api=15 insize=2863 outsize=83361 ok=1
Cmd: compileComputeKernel
  api=14 insize=2863 outsize=48529 ok=1
Cmd: translateComputeKernel
  api=14 insize=48529 outsize=85537 ok=1
Cmd: compileComputeKernel
  api=18 insize=7524 outsize=40121 ok=1
Cmd: compileComputeKernel
  api=15 insize=5188 outsize=17357 ok=1
Cmd: compileComputeKernel
  api=18 insize=5188 outsize=17277 ok=1
Cmd: compileComputeKernel
  api=14 insize=5188 outsize=5485 ok=1
Cmd: translateComputeKernel
  api=14 insize=5741 outsize=8325 ok=1
Cmd: compileComputeKernel
  api=15 insize=2444 outsize=4885 ok=1
Cmd: compileComputeKernel
  api=15 insize=9421 outsize=16185 ok=1
Cmd: compileComputeKernel
  api=18 insize=9421 outsize=34237 ok=1
Cmd: compileComputeKernel
  api=14 insize=9421 outsize=9341 ok=1
Cmd: compileComputeKernel
  api=14 insize=9421 outsize=9881 ok=1
Cmd: translateComputeKernel
  api=14 insize=9341 outsize=16101 ok=1
Cmd: compileComputeKernel
  api=18 insize=5591 outsize=24809 ok=1
Cmd: compileComputeKernel
  api=15 insize=2953 outsize=893 ok=1
Cmd: compileComputeKernel
  api=14 insize=2953 outsize=1997 ok=1
Cmd: compileComputeKernel
  api=15 insize=1864 outsize=1909 ok=1
Cmd: compileComputeKernel
  api=18 insize=1864 outsize=2469 ok=1
Cmd: translateComputeKernel
  api=14 insize=1129 outsize=1409 ok=1
Cmd: compileComputeKernel
  api=15 insize=1505 outsize=1761 ok=1
Cmd: compileComputeKernel
  api=14 insize=1505 outsize=2073 ok=1
Cmd: translateComputeKernel
  api=14 insize=1177 outsize=1289 ok=1
Cmd: compileComputeKernel
  api=18 insize=1697 outsize=3825 ok=1
Cmd: initializeCompiler
Cmd: initializeCompiler
Cmd: initializeCompiler

Quitting shader compiler process
