Base path: /home/nathan/Unity-2018.2.0b5/Editor/Data
Cmd: initializeCompiler
Cmd: compileComputeKernel
  api=18 insize=2134 outsize=7345 ok=1
Cmd: compileComputeKernel
  api=18 insize=812 outsize=3605 ok=1
Cmd: compileComputeKernel
  api=18 insize=2863 outsize=198933 ok=1
Cmd: compileComputeKernel
  api=15 insize=7524 outsize=18129 ok=1
Cmd: compileComputeKernel
  api=18 insize=7524 outsize=40709 ok=1
Cmd: compileComputeKernel
  api=15 insize=5188 outsize=8185 ok=1
Cmd: compileComputeKernel
  api=18 insize=5188 outsize=36437 ok=1
Cmd: compileComputeKernel
  api=15 insize=9421 outsize=16061 ok=1
Cmd: compileComputeKernel
  api=15 insize=9421 outsize=16701 ok=1
Cmd: compileComputeKernel
  api=18 insize=9421 outsize=35173 ok=1
Cmd: compileComputeKernel
  api=18 insize=5591 outsize=24989 ok=1
Cmd: compileComputeKernel
  api=18 insize=2953 outsize=5653 ok=1
Cmd: compileComputeKernel
  api=18 insize=1864 outsize=6753 ok=1
Cmd: compileComputeKernel
  api=15 insize=1505 outsize=1769 ok=1
Cmd: compileComputeKernel
  api=18 insize=1505 outsize=2325 ok=1
Cmd: compileComputeKernel
  api=18 insize=1697 outsize=4057 ok=1
Cmd: initializeCompiler

Quitting shader compiler process
